{
  "stats": {
    "suites": 1,
    "tests": 3,
    "passes": 3,
    "pending": 0,
    "failures": 0,
    "start": "2020-05-25T13:55:50.274Z",
    "end": "2020-05-25T13:55:50.304Z",
    "duration": 30,
    "testsRegistered": 3,
    "passPercent": 100,
    "pendingPercent": 0,
    "other": 0,
    "hasOther": false,
    "skipped": 0,
    "hasSkipped": false
  },
  "results": [
    {
      "uuid": "f543f872-08ac-478f-a98f-41d8bba7a727",
      "title": "",
      "fullFile": "",
      "file": "",
      "beforeHooks": [],
      "afterHooks": [],
      "tests": [],
      "suites": [
        {
          "uuid": "3bc162bc-6696-49fa-b6b4-97cf9f15d8ba",
          "title": "exercice",
          "fullFile": "C:\\Users\\Michelangelo\\Documents\\code\\gitHub-Actions-test\\exercice.test.js",
          "file": "\\exercice.test.js",
          "beforeHooks": [],
          "afterHooks": [],
          "tests": [
            {
              "title": "should exist",
              "fullTitle": "exercice should exist",
              "timedOut": false,
              "duration": 1,
              "state": "passed",
              "speed": "fast",
              "pass": true,
              "fail": false,
              "pending": false,
              "context": null,
              "code": "should().exist(toBeTested);",
              "err": {},
              "uuid": "357fa595-3756-4c5f-a03e-2e1efdeac61b",
              "parentUUID": "3bc162bc-6696-49fa-b6b4-97cf9f15d8ba",
              "isHook": false,
              "skipped": false
            },
            {
              "title": "should be a function",
              "fullTitle": "exercice should be a function",
              "timedOut": false,
              "duration": 0,
              "state": "passed",
              "speed": "fast",
              "pass": true,
              "fail": false,
              "pending": false,
              "context": null,
              "code": "toBeTested.should.be.a(\"function\");",
              "err": {},
              "uuid": "17250006-a280-4d0f-b169-5d0ba542cdcc",
              "parentUUID": "3bc162bc-6696-49fa-b6b4-97cf9f15d8ba",
              "isHook": false,
              "skipped": false
            },
            {
              "title": "should return true",
              "fullTitle": "exercice should return true",
              "timedOut": false,
              "duration": 1,
              "state": "passed",
              "speed": "fast",
              "pass": true,
              "fail": false,
              "pending": false,
              "context": null,
              "code": "toBeTested().should.eql(true);",
              "err": {},
              "uuid": "39d37859-323b-4557-af30-096f9abd1694",
              "parentUUID": "3bc162bc-6696-49fa-b6b4-97cf9f15d8ba",
              "isHook": false,
              "skipped": false
            }
          ],
          "suites": [],
          "passes": [
            "357fa595-3756-4c5f-a03e-2e1efdeac61b",
            "17250006-a280-4d0f-b169-5d0ba542cdcc",
            "39d37859-323b-4557-af30-096f9abd1694"
          ],
          "failures": [],
          "pending": [],
          "skipped": [],
          "duration": 2,
          "root": false,
          "rootEmpty": false,
          "_timeout": 2000
        }
      ],
      "passes": [],
      "failures": [],
      "pending": [],
      "skipped": [],
      "duration": 0,
      "root": true,
      "rootEmpty": true,
      "_timeout": 2000
    }
  ],
  "meta": {
    "mocha": {
      "version": "7.2.0"
    },
    "mochawesome": {
      "options": {
        "quiet": false,
        "reportFilename": "mochawesome",
        "saveHtml": false,
        "saveJson": true,
        "consoleReporter": "spec",
        "useInlineDiffs": false,
        "code": true
      },
      "version": "6.1.1"
    },
    "marge": {
      "options": {
        "html": "flase"
      },
      "version": "5.1.0"
    }
  }
}